<?xml version="1.0" encoding="UTF-8"?>
<testng-results skipped="0" failed="0" total="1" passed="1">
  <reporter-output>
  </reporter-output>
  <suite name="Default suite" duration-ms="13668" started-at="2019-12-06T01:20:35Z" finished-at="2019-12-06T01:20:49Z">
    <groups>
    </groups>
    <test name="Default test" duration-ms="13668" started-at="2019-12-06T01:20:35Z" finished-at="2019-12-06T01:20:49Z">
      <class name="SDFCtestNGTest">
        <test-method status="PASS" signature="path()[pri:0, instance:SDFCtestNGTest@7dc36524]" name="path" is-config="true" duration-ms="1970" started-at="2019-12-05T17:20:35Z" finished-at="2019-12-05T17:20:37Z">
          <reporter-output>
          </reporter-output>
        </test-method> <!-- path -->
        <test-method status="PASS" signature="setupdriver()[pri:0, instance:SDFCtestNGTest@7dc36524]" name="setupdriver" is-config="true" duration-ms="1510" started-at="2019-12-05T17:20:37Z" finished-at="2019-12-05T17:20:39Z">
          <reporter-output>
          </reporter-output>
        </test-method> <!-- setupdriver -->
        <test-method status="PASS" signature="TC02_LogintoSFDC()[pri:0, instance:SDFCtestNGTest@7dc36524]" name="TC02_LogintoSFDC" duration-ms="5013" started-at="2019-12-05T17:20:39Z" finished-at="2019-12-05T17:20:44Z">
          <reporter-output>
          </reporter-output>
        </test-method> <!-- TC02_LogintoSFDC -->
        <test-method status="PASS" signature="teardownDriver()[pri:0, instance:SDFCtestNGTest@7dc36524]" name="teardownDriver" is-config="true" duration-ms="5136" started-at="2019-12-05T17:20:44Z" finished-at="2019-12-05T17:20:49Z">
          <reporter-output>
          </reporter-output>
        </test-method> <!-- teardownDriver -->
      </class> <!-- SDFCtestNGTest -->
    </test> <!-- Default test -->
  </suite> <!-- Default suite -->
</testng-results>
