<?xml version="1.0" encoding="UTF-8"?>
<testng-results ignored="0" total="1" passed="1" failed="0" skipped="0">
  <reporter-output>
  </reporter-output>
  <suite started-at="2019-12-05T20:42:09 PST" name="SDFCtestNGTest" finished-at="2019-12-05T20:42:22 PST" duration-ms="13059">
    <groups>
    </groups>
    <test started-at="2019-12-05T20:42:09 PST" name="Command line test" finished-at="2019-12-05T20:42:22 PST" duration-ms="13059">
      <class name="SDFCtestNGTest">
        <test-method is-config="true" signature="path()[pri:0, instance:SDFCtestNGTest@654f0d9c]" started-at="2019-12-05T20:42:09 PST" name="path" finished-at="2019-12-05T20:42:12 PST" duration-ms="2754" status="PASS">
          <reporter-output>
          </reporter-output>
        </test-method> <!-- path -->
        <test-method is-config="true" signature="setupdriver()[pri:0, instance:SDFCtestNGTest@654f0d9c]" started-at="2019-12-05T20:42:12 PST" name="setupdriver" finished-at="2019-12-05T20:42:13 PST" duration-ms="1099" status="PASS">
          <reporter-output>
          </reporter-output>
        </test-method> <!-- setupdriver -->
        <test-method signature="TC02_LogintoSFDC()[pri:0, instance:SDFCtestNGTest@654f0d9c]" started-at="2019-12-05T20:42:13 PST" name="TC02_LogintoSFDC" finished-at="2019-12-05T20:42:17 PST" duration-ms="3981" status="PASS">
          <reporter-output>
          </reporter-output>
        </test-method> <!-- TC02_LogintoSFDC -->
        <test-method is-config="true" signature="teardownDriver()[pri:0, instance:SDFCtestNGTest@654f0d9c]" started-at="2019-12-05T20:42:17 PST" name="teardownDriver" finished-at="2019-12-05T20:42:22 PST" duration-ms="5189" status="PASS">
          <reporter-output>
          </reporter-output>
        </test-method> <!-- teardownDriver -->
      </class> <!-- SDFCtestNGTest -->
    </test> <!-- Command line test -->
  </suite> <!-- SDFCtestNGTest -->
</testng-results>
